

=== 金额核对日志 开始时间: 2025-10-23 02:47:40 ===

【查询失败】
  交易ID: 0x22609226cd2913836549212220912fe048783a1b6babf0c410f
  失败原因: API返回错误: code=404, msg=无数据
  行号: 第8行
  检查时间: 2025-10-23 02:47:43

【金额不匹配】
  交易ID: 0x60c6b3167a235e9072af9158b47e30ef734de812216387951eb4fcb7d6bd478f
  CSV金额: 54.44000000
  API金额: 54.44476800
  差额: -0.00476800
  行号: 第54行
  检查时间: 2025-10-23 02:48:08

【金额不匹配】
  交易ID: 0xc19b6332cc01ac07e76af7a79a8ccea251078a49c7c21cc904156e8a1aaace9e
  CSV金额: 22.93000000
  API金额: 22.93408181
  差额: -0.00408181
  行号: 第80行
  检查时间: 2025-10-23 02:48:21

【金额不匹配】
  交易ID: 0x1fdfe3e88aac394e86be632bc3807c43d5e4774e9fc2abd11175c44b9a14a7ea
  CSV金额: 142.83000000
  API金额: 142.82710000
  差额: 0.00290000
  行号: 第139行
  检查时间: 2025-10-23 02:48:47

【金额不匹配】
  交易ID: 0xacdb337489f216027d561395af5a944f98384ca163103e7363aa8284df4a46a5
  CSV金额: 63.00000000
  API金额: 62.99970514
  差额: 0.00029486
  行号: 第380行
  检查时间: 2025-10-23 02:50:39

